    <div class="slider">
	<div class="slide-track">
		<div class="slide">
    <h1>VW</h1>
		</div>
    <div class="slide">
			
		</div>
    <div class="slide">
			<h1>BMW </h1>
      </div>
    <div class="slide">
			
		</div>
    <div class="slide">
			<h1>AUDI</h1>
		</div>
    <div class="slide">
			
		</div>



		<div class="slide">
    <h1>VW</h1>
		</div>
    <div class="slide">
			
		</div>
    <div class="slide">
			<h1>BMW </h1>
      </div>
    <div class="slide">
			
		</div>
    <div class="slide">
			<h1>AUDI</h1>
		</div>
    <div class="slide">
			
		</div>



    <div class="slide">
    <h1>VW</h1>
		</div>
    <div class="slide">
			
		</div>
    <div class="slide">
			<h1>BMW </h1>
      </div>
    <div class="slide">
			
		</div>
    <div class="slide">
			<h1>AUDI</h1>
		</div>
    <div class="slide">
			
		</div>



	</div>
</div>